[2026-04-05 20:20:10] 
[2026-04-05 20:20:10] === Pre-flight Checklist ===
[2026-04-05 20:20:10] [INFO] Device set to: privateuseone:0
[2026-04-05 20:20:10] [INFO] Dataset loaded. Train: 19200 images | Val: 4800 images
[2026-04-05 20:20:10] [INFO] Dataloaders ready. Batch size: 32 | Total train steps per epoch: 600
[2026-04-05 20:20:11] [INFO] Model initialized: 【CatDogNet】 | Total trainable parameters: 6,446,498
[2026-04-05 20:20:11] [INFO] Criterion: CrossEntropyLoss
[2026-04-05 20:20:11] [INFO] Optimizer configured: SGD (lr=0.001, momentum=0.9)
[2026-04-05 20:20:11] [INFO] Early Stopping configured. Patience: 5 epochs
[2026-04-05 20:20:11] ============================
[2026-04-05 20:20:11] 
[2026-04-05 20:20:11] ===== Training Started ====✈
[2026-04-05 20:20:11] 
[2026-04-05 20:20:11] [Epoch 001/100] Training Phase...
[2026-04-05 20:21:51]                 Validation Phase...
[2026-04-05 20:22:04] ========================================================
[2026-04-05 20:22:04] [Epoch Summary] | Train Loss: 0.6925 | Val Loss: 0.6892
[2026-04-05 20:22:04]                 | Val acc   : 54.33% | Time    : 1m 53s
[2026-04-05 20:22:04] ========================================================
[2026-04-05 20:22:05] [SAVE] New best record! Model saved!
[2026-04-05 20:22:05] 
[2026-04-05 20:22:05] [Epoch 002/100] Training Phase...
[2026-04-05 20:23:45]                 Validation Phase...
[2026-04-05 20:23:58] ========================================================
[2026-04-05 20:23:58] [Epoch Summary] | Train Loss: 0.6849 | Val Loss: 0.6809
[2026-04-05 20:23:58]                 | Val acc   : 56.58% | Time    : 1m 53s
[2026-04-05 20:23:58] ========================================================
[2026-04-05 20:23:58] [SAVE] New best record! Model saved!
[2026-04-05 20:23:58] 
[2026-04-05 20:23:58] [Epoch 003/100] Training Phase...
[2026-04-05 20:25:37]                 Validation Phase...
[2026-04-05 20:25:50] ========================================================
[2026-04-05 20:25:50] [Epoch Summary] | Train Loss: 0.6745 | Val Loss: 0.6610
[2026-04-05 20:25:50]                 | Val acc   : 61.15% | Time    : 1m 52s
[2026-04-05 20:25:50] ========================================================
[2026-04-05 20:25:50] [SAVE] New best record! Model saved!
[2026-04-05 20:25:50] 
[2026-04-05 20:25:50] [Epoch 004/100] Training Phase...
[2026-04-05 20:27:29]                 Validation Phase...
[2026-04-05 20:27:43] ========================================================
[2026-04-05 20:27:43] [Epoch Summary] | Train Loss: 0.6587 | Val Loss: 0.6577
[2026-04-05 20:27:43]                 | Val acc   : 59.98% | Time    : 1m 52s
[2026-04-05 20:27:43] ========================================================
[2026-04-05 20:27:43] [SAVE] New best record! Model saved!
[2026-04-05 20:27:43] 
[2026-04-05 20:27:43] [Epoch 005/100] Training Phase...
[2026-04-05 20:29:21]                 Validation Phase...
[2026-04-05 20:29:35] ========================================================
[2026-04-05 20:29:35] [Epoch Summary] | Train Loss: 0.6443 | Val Loss: 0.6255
[2026-04-05 20:29:35]                 | Val acc   : 64.56% | Time    : 1m 51s
[2026-04-05 20:29:35] ========================================================
[2026-04-05 20:29:35] [SAVE] New best record! Model saved!
[2026-04-05 20:29:35] 
[2026-04-05 20:29:35] [Epoch 006/100] Training Phase...
[2026-04-05 20:31:14]                 Validation Phase...
[2026-04-05 20:31:27] ========================================================
[2026-04-05 20:31:27] [Epoch Summary] | Train Loss: 0.6299 | Val Loss: 0.6224
[2026-04-05 20:31:27]                 | Val acc   : 64.92% | Time    : 1m 52s
[2026-04-05 20:31:27] ========================================================
[2026-04-05 20:31:27] [SAVE] New best record! Model saved!
[2026-04-05 20:31:27] 
[2026-04-05 20:31:27] [Epoch 007/100] Training Phase...
[2026-04-05 20:33:07]                 Validation Phase...
[2026-04-05 20:33:20] ========================================================
[2026-04-05 20:33:20] [Epoch Summary] | Train Loss: 0.6144 | Val Loss: 0.6010
[2026-04-05 20:33:20]                 | Val acc   : 68.69% | Time    : 1m 52s
[2026-04-05 20:33:20] ========================================================
[2026-04-05 20:33:20] [SAVE] New best record! Model saved!
[2026-04-05 20:33:20] 
[2026-04-05 20:33:20] [Epoch 008/100] Training Phase...
[2026-04-05 20:34:59]                 Validation Phase...
[2026-04-05 20:35:13] ========================================================
[2026-04-05 20:35:13] [Epoch Summary] | Train Loss: 0.5856 | Val Loss: 0.5680
[2026-04-05 20:35:13]                 | Val acc   : 70.81% | Time    : 1m 52s
[2026-04-05 20:35:13] ========================================================
[2026-04-05 20:35:13] [SAVE] New best record! Model saved!
[2026-04-05 20:35:13] 
[2026-04-05 20:35:13] [Epoch 009/100] Training Phase...
[2026-04-05 20:36:52]                 Validation Phase...
[2026-04-05 20:37:05] ========================================================
[2026-04-05 20:37:05] [Epoch Summary] | Train Loss: 0.5630 | Val Loss: 0.5550
[2026-04-05 20:37:05]                 | Val acc   : 70.42% | Time    : 1m 52s
[2026-04-05 20:37:05] ========================================================
[2026-04-05 20:37:05] [SAVE] New best record! Model saved!
[2026-04-05 20:37:05] 
[2026-04-05 20:37:05] [Epoch 010/100] Training Phase...
[2026-04-05 20:38:45]                 Validation Phase...
[2026-04-05 20:38:58] ========================================================
[2026-04-05 20:38:58] [Epoch Summary] | Train Loss: 0.5456 | Val Loss: 0.5250
[2026-04-05 20:38:58]                 | Val acc   : 73.54% | Time    : 1m 52s
[2026-04-05 20:38:58] ========================================================
[2026-04-05 20:38:58] [SAVE] New best record! Model saved!
[2026-04-05 20:38:58] 
[2026-04-05 20:38:58] [Epoch 011/100] Training Phase...
[2026-04-05 20:40:39]                 Validation Phase...
[2026-04-05 20:40:52] ========================================================
[2026-04-05 20:40:52] [Epoch Summary] | Train Loss: 0.5289 | Val Loss: 0.5097
[2026-04-05 20:40:52]                 | Val acc   : 75.08% | Time    : 1m 54s
[2026-04-05 20:40:52] ========================================================
[2026-04-05 20:40:52] [SAVE] New best record! Model saved!
[2026-04-05 20:40:52] 
[2026-04-05 20:40:52] [Epoch 012/100] Training Phase...
[2026-04-05 20:42:33]                 Validation Phase...
[2026-04-05 20:42:46] ========================================================
[2026-04-05 20:42:46] [Epoch Summary] | Train Loss: 0.5183 | Val Loss: 0.5070
[2026-04-05 20:42:46]                 | Val acc   : 75.04% | Time    : 1m 54s
[2026-04-05 20:42:46] ========================================================
[2026-04-05 20:42:46] [SAVE] New best record! Model saved!
[2026-04-05 20:42:46] 
[2026-04-05 20:42:46] [Epoch 013/100] Training Phase...
[2026-04-05 20:44:27]                 Validation Phase...
[2026-04-05 20:44:40] ========================================================
[2026-04-05 20:44:40] [Epoch Summary] | Train Loss: 0.5066 | Val Loss: 0.4887
[2026-04-05 20:44:40]                 | Val acc   : 76.31% | Time    : 1m 53s
[2026-04-05 20:44:40] ========================================================
[2026-04-05 20:44:41] [SAVE] New best record! Model saved!
[2026-04-05 20:44:41] 
[2026-04-05 20:44:41] [Epoch 014/100] Training Phase...
[2026-04-05 20:46:21]                 Validation Phase...
[2026-04-05 20:46:35] ========================================================
[2026-04-05 20:46:35] [Epoch Summary] | Train Loss: 0.4956 | Val Loss: 0.5016
[2026-04-05 20:46:35]                 | Val acc   : 75.31% | Time    : 1m 54s
[2026-04-05 20:46:35] ========================================================
[2026-04-05 20:46:35] [WARN] No improvement. Patience: 1/5
[2026-04-05 20:46:35] 
[2026-04-05 20:46:35] [Epoch 015/100] Training Phase...
[2026-04-05 20:48:16]                 Validation Phase...
[2026-04-05 20:48:30] ========================================================
[2026-04-05 20:48:30] [Epoch Summary] | Train Loss: 0.4868 | Val Loss: 0.4859
[2026-04-05 20:48:30]                 | Val acc   : 76.98% | Time    : 1m 54s
[2026-04-05 20:48:30] ========================================================
[2026-04-05 20:48:30] [SAVE] New best record! Model saved!
[2026-04-05 20:48:30] 
[2026-04-05 20:48:30] [Epoch 016/100] Training Phase...
[2026-04-05 20:50:11]                 Validation Phase...
[2026-04-05 20:50:24] ========================================================
[2026-04-05 20:50:24] [Epoch Summary] | Train Loss: 0.4726 | Val Loss: 0.4625
[2026-04-05 20:50:24]                 | Val acc   : 78.31% | Time    : 1m 54s
[2026-04-05 20:50:24] ========================================================
[2026-04-05 20:50:25] [SAVE] New best record! Model saved!
[2026-04-05 20:50:25] 
[2026-04-05 20:50:25] [Epoch 017/100] Training Phase...
[2026-04-05 20:52:06]                 Validation Phase...
[2026-04-05 20:52:19] ========================================================
[2026-04-05 20:52:19] [Epoch Summary] | Train Loss: 0.4667 | Val Loss: 0.4516
[2026-04-05 20:52:19]                 | Val acc   : 78.44% | Time    : 1m 54s
[2026-04-05 20:52:19] ========================================================
[2026-04-05 20:52:19] [SAVE] New best record! Model saved!
[2026-04-05 20:52:19] 
[2026-04-05 20:52:19] [Epoch 018/100] Training Phase...
[2026-04-05 20:54:00]                 Validation Phase...
[2026-04-05 20:54:14] ========================================================
[2026-04-05 20:54:14] [Epoch Summary] | Train Loss: 0.4570 | Val Loss: 0.4475
[2026-04-05 20:54:14]                 | Val acc   : 78.73% | Time    : 1m 54s
[2026-04-05 20:54:14] ========================================================
[2026-04-05 20:54:14] [SAVE] New best record! Model saved!
[2026-04-05 20:54:14] 
[2026-04-05 20:54:14] [Epoch 019/100] Training Phase...
[2026-04-05 20:55:55]                 Validation Phase...
[2026-04-05 20:56:09] ========================================================
[2026-04-05 20:56:09] [Epoch Summary] | Train Loss: 0.4465 | Val Loss: 0.4373
[2026-04-05 20:56:09]                 | Val acc   : 79.56% | Time    : 1m 54s
[2026-04-05 20:56:09] ========================================================
[2026-04-05 20:56:09] [SAVE] New best record! Model saved!
[2026-04-05 20:56:09] 
[2026-04-05 20:56:09] [Epoch 020/100] Training Phase...
[2026-04-05 20:57:50]                 Validation Phase...
[2026-04-05 20:58:04] ========================================================
[2026-04-05 20:58:04] [Epoch Summary] | Train Loss: 0.4362 | Val Loss: 0.4200
[2026-04-05 20:58:04]                 | Val acc   : 80.12% | Time    : 1m 54s
[2026-04-05 20:58:04] ========================================================
[2026-04-05 20:58:04] [SAVE] New best record! Model saved!
[2026-04-05 20:58:04] 
[2026-04-05 20:58:04] [Epoch 021/100] Training Phase...
[2026-04-05 20:59:45]                 Validation Phase...
[2026-04-05 20:59:59] ========================================================
[2026-04-05 20:59:59] [Epoch Summary] | Train Loss: 0.4308 | Val Loss: 0.4312
[2026-04-05 20:59:59]                 | Val acc   : 79.50% | Time    : 1m 54s
[2026-04-05 20:59:59] ========================================================
[2026-04-05 20:59:59] [WARN] No improvement. Patience: 1/5
[2026-04-05 20:59:59] 
[2026-04-05 20:59:59] [Epoch 022/100] Training Phase...
[2026-04-05 21:01:40]                 Validation Phase...
[2026-04-05 21:01:53] ========================================================
[2026-04-05 21:01:53] [Epoch Summary] | Train Loss: 0.4278 | Val Loss: 0.4266
[2026-04-05 21:01:53]                 | Val acc   : 79.52% | Time    : 1m 54s
[2026-04-05 21:01:53] ========================================================
[2026-04-05 21:01:53] [WARN] No improvement. Patience: 2/5
[2026-04-05 21:01:53] 
[2026-04-05 21:01:53] [Epoch 023/100] Training Phase...
[2026-04-05 21:03:34]                 Validation Phase...
[2026-04-05 21:03:48] ========================================================
[2026-04-05 21:03:48] [Epoch Summary] | Train Loss: 0.4173 | Val Loss: 0.4165
[2026-04-05 21:03:48]                 | Val acc   : 80.06% | Time    : 1m 54s
[2026-04-05 21:03:48] ========================================================
[2026-04-05 21:03:48] [SAVE] New best record! Model saved!
[2026-04-05 21:03:48] 
[2026-04-05 21:03:48] [Epoch 024/100] Training Phase...
[2026-04-05 21:05:29]                 Validation Phase...
[2026-04-05 21:05:43] ========================================================
[2026-04-05 21:05:43] [Epoch Summary] | Train Loss: 0.4092 | Val Loss: 0.3966
[2026-04-05 21:05:43]                 | Val acc   : 81.40% | Time    : 1m 54s
[2026-04-05 21:05:43] ========================================================
[2026-04-05 21:05:43] [SAVE] New best record! Model saved!
[2026-04-05 21:05:43] 
[2026-04-05 21:05:43] [Epoch 025/100] Training Phase...
[2026-04-05 21:07:24]                 Validation Phase...
[2026-04-05 21:07:38] ========================================================
[2026-04-05 21:07:38] [Epoch Summary] | Train Loss: 0.4012 | Val Loss: 0.4144
[2026-04-05 21:07:38]                 | Val acc   : 80.60% | Time    : 1m 54s
[2026-04-05 21:07:38] ========================================================
[2026-04-05 21:07:38] [WARN] No improvement. Patience: 1/5
[2026-04-05 21:07:38] 
[2026-04-05 21:07:38] [Epoch 026/100] Training Phase...
[2026-04-05 21:09:19]                 Validation Phase...
[2026-04-05 21:09:32] ========================================================
[2026-04-05 21:09:32] [Epoch Summary] | Train Loss: 0.3962 | Val Loss: 0.3856
[2026-04-05 21:09:32]                 | Val acc   : 82.71% | Time    : 1m 54s
[2026-04-05 21:09:32] ========================================================
[2026-04-05 21:09:32] [SAVE] New best record! Model saved!
[2026-04-05 21:09:32] 
[2026-04-05 21:09:32] [Epoch 027/100] Training Phase...
[2026-04-05 21:11:13]                 Validation Phase...
[2026-04-05 21:11:27] ========================================================
[2026-04-05 21:11:27] [Epoch Summary] | Train Loss: 0.3887 | Val Loss: 0.3936
[2026-04-05 21:11:27]                 | Val acc   : 81.85% | Time    : 1m 54s
[2026-04-05 21:11:27] ========================================================
[2026-04-05 21:11:27] [WARN] No improvement. Patience: 1/5
[2026-04-05 21:11:27] 
[2026-04-05 21:11:27] [Epoch 028/100] Training Phase...
[2026-04-05 21:13:08]                 Validation Phase...
[2026-04-05 21:13:21] ========================================================
[2026-04-05 21:13:21] [Epoch Summary] | Train Loss: 0.3796 | Val Loss: 0.3946
[2026-04-05 21:13:21]                 | Val acc   : 81.46% | Time    : 1m 54s
[2026-04-05 21:13:21] ========================================================
[2026-04-05 21:13:21] [WARN] No improvement. Patience: 2/5
[2026-04-05 21:13:21] 
[2026-04-05 21:13:21] [Epoch 029/100] Training Phase...
[2026-04-05 21:15:03]                 Validation Phase...
[2026-04-05 21:15:16] ========================================================
[2026-04-05 21:15:16] [Epoch Summary] | Train Loss: 0.3769 | Val Loss: 0.3777
[2026-04-05 21:15:16]                 | Val acc   : 82.48% | Time    : 1m 54s
[2026-04-05 21:15:16] ========================================================
[2026-04-05 21:15:16] [SAVE] New best record! Model saved!
[2026-04-05 21:15:16] 
[2026-04-05 21:15:16] [Epoch 030/100] Training Phase...
[2026-04-05 21:16:57]                 Validation Phase...
[2026-04-05 21:17:11] ========================================================
[2026-04-05 21:17:11] [Epoch Summary] | Train Loss: 0.3690 | Val Loss: 0.3757
[2026-04-05 21:17:11]                 | Val acc   : 82.98% | Time    : 1m 54s
[2026-04-05 21:17:11] ========================================================
[2026-04-05 21:17:11] [SAVE] New best record! Model saved!
[2026-04-05 21:17:11] 
[2026-04-05 21:17:11] [Epoch 031/100] Training Phase...
[2026-04-05 21:18:52]                 Validation Phase...
[2026-04-05 21:19:06] ========================================================
[2026-04-05 21:19:06] [Epoch Summary] | Train Loss: 0.3625 | Val Loss: 0.3711
[2026-04-05 21:19:06]                 | Val acc   : 82.62% | Time    : 1m 54s
[2026-04-05 21:19:06] ========================================================
[2026-04-05 21:19:06] [SAVE] New best record! Model saved!
[2026-04-05 21:19:06] 
[2026-04-05 21:19:06] [Epoch 032/100] Training Phase...
[2026-04-05 21:20:47]                 Validation Phase...
[2026-04-05 21:21:00] ========================================================
[2026-04-05 21:21:00] [Epoch Summary] | Train Loss: 0.3596 | Val Loss: 0.3722
[2026-04-05 21:21:00]                 | Val acc   : 82.46% | Time    : 1m 54s
[2026-04-05 21:21:00] ========================================================
[2026-04-05 21:21:00] [WARN] No improvement. Patience: 1/5
[2026-04-05 21:21:00] 
[2026-04-05 21:21:00] [Epoch 033/100] Training Phase...
[2026-04-05 21:22:41]                 Validation Phase...
[2026-04-05 21:22:55] ========================================================
[2026-04-05 21:22:55] [Epoch Summary] | Train Loss: 0.3516 | Val Loss: 0.3613
[2026-04-05 21:22:55]                 | Val acc   : 83.35% | Time    : 1m 54s
[2026-04-05 21:22:55] ========================================================
[2026-04-05 21:22:55] [SAVE] New best record! Model saved!
[2026-04-05 21:22:55] 
[2026-04-05 21:22:55] [Epoch 034/100] Training Phase...
[2026-04-05 21:24:36]                 Validation Phase...
[2026-04-05 21:24:49] ========================================================
[2026-04-05 21:24:49] [Epoch Summary] | Train Loss: 0.3462 | Val Loss: 0.3504
[2026-04-05 21:24:49]                 | Val acc   : 83.77% | Time    : 1m 54s
[2026-04-05 21:24:49] ========================================================
[2026-04-05 21:24:50] [SAVE] New best record! Model saved!
[2026-04-05 21:24:50] 
[2026-04-05 21:24:50] [Epoch 035/100] Training Phase...
[2026-04-05 21:26:31]                 Validation Phase...
[2026-04-05 21:26:44] ========================================================
[2026-04-05 21:26:44] [Epoch Summary] | Train Loss: 0.3414 | Val Loss: 0.3562
[2026-04-05 21:26:44]                 | Val acc   : 83.73% | Time    : 1m 54s
[2026-04-05 21:26:44] ========================================================
[2026-04-05 21:26:44] [WARN] No improvement. Patience: 1/5
[2026-04-05 21:26:44] 
[2026-04-05 21:26:44] [Epoch 036/100] Training Phase...
[2026-04-05 21:28:25]                 Validation Phase...
[2026-04-05 21:28:39] ========================================================
[2026-04-05 21:28:39] [Epoch Summary] | Train Loss: 0.3346 | Val Loss: 0.3575
[2026-04-05 21:28:39]                 | Val acc   : 83.54% | Time    : 1m 54s
[2026-04-05 21:28:39] ========================================================
[2026-04-05 21:28:39] [WARN] No improvement. Patience: 2/5
[2026-04-05 21:28:39] 
[2026-04-05 21:28:39] [Epoch 037/100] Training Phase...
[2026-04-05 21:30:20]                 Validation Phase...
[2026-04-05 21:30:34] ========================================================
[2026-04-05 21:30:34] [Epoch Summary] | Train Loss: 0.3322 | Val Loss: 0.3841
[2026-04-05 21:30:34]                 | Val acc   : 81.98% | Time    : 1m 54s
[2026-04-05 21:30:34] ========================================================
[2026-04-05 21:30:34] [WARN] No improvement. Patience: 3/5
[2026-04-05 21:30:34] 
[2026-04-05 21:30:34] [Epoch 038/100] Training Phase...
[2026-04-05 21:32:15]                 Validation Phase...
[2026-04-05 21:32:28] ========================================================
[2026-04-05 21:32:28] [Epoch Summary] | Train Loss: 0.3210 | Val Loss: 0.3516
[2026-04-05 21:32:28]                 | Val acc   : 84.15% | Time    : 1m 54s
[2026-04-05 21:32:28] ========================================================
[2026-04-05 21:32:28] [WARN] No improvement. Patience: 4/5
[2026-04-05 21:32:28] 
[2026-04-05 21:32:28] [Epoch 039/100] Training Phase...
[2026-04-05 21:34:10]                 Validation Phase...
[2026-04-05 21:34:23] ========================================================
[2026-04-05 21:34:23] [Epoch Summary] | Train Loss: 0.3189 | Val Loss: 0.3479
[2026-04-05 21:34:23]                 | Val acc   : 84.35% | Time    : 1m 55s
[2026-04-05 21:34:23] ========================================================
[2026-04-05 21:34:23] [SAVE] New best record! Model saved!
[2026-04-05 21:34:23] 
[2026-04-05 21:34:23] [Epoch 040/100] Training Phase...
[2026-04-05 21:36:05]                 Validation Phase...
[2026-04-05 21:36:18] ========================================================
[2026-04-05 21:36:18] [Epoch Summary] | Train Loss: 0.3164 | Val Loss: 0.3665
[2026-04-05 21:36:18]                 | Val acc   : 83.29% | Time    : 1m 55s
[2026-04-05 21:36:18] ========================================================
[2026-04-05 21:36:18] [WARN] No improvement. Patience: 1/5
[2026-04-05 21:36:18] 
[2026-04-05 21:36:18] [Epoch 041/100] Training Phase...
[2026-04-05 21:38:00]                 Validation Phase...
[2026-04-05 21:38:13] ========================================================
[2026-04-05 21:38:13] [Epoch Summary] | Train Loss: 0.3105 | Val Loss: 0.3480
[2026-04-05 21:38:13]                 | Val acc   : 84.04% | Time    : 1m 55s
[2026-04-05 21:38:13] ========================================================
[2026-04-05 21:38:13] [WARN] No improvement. Patience: 2/5
[2026-04-05 21:38:13] 
[2026-04-05 21:38:13] [Epoch 042/100] Training Phase...
[2026-04-05 21:39:55]                 Validation Phase...
[2026-04-05 21:40:08] ========================================================
[2026-04-05 21:40:08] [Epoch Summary] | Train Loss: 0.2974 | Val Loss: 0.3434
[2026-04-05 21:40:08]                 | Val acc   : 84.60% | Time    : 1m 54s
[2026-04-05 21:40:08] ========================================================
[2026-04-05 21:40:08] [SAVE] New best record! Model saved!
[2026-04-05 21:40:08] 
[2026-04-05 21:40:08] [Epoch 043/100] Training Phase...
[2026-04-05 21:41:49]                 Validation Phase...
[2026-04-05 21:42:03] ========================================================
[2026-04-05 21:42:03] [Epoch Summary] | Train Loss: 0.3025 | Val Loss: 0.3481
[2026-04-05 21:42:03]                 | Val acc   : 84.50% | Time    : 1m 54s
[2026-04-05 21:42:03] ========================================================
[2026-04-05 21:42:03] [WARN] No improvement. Patience: 1/5
[2026-04-05 21:42:03] 
[2026-04-05 21:42:03] [Epoch 044/100] Training Phase...
[2026-04-05 21:43:44]                 Validation Phase...
[2026-04-05 21:43:58] ========================================================
[2026-04-05 21:43:58] [Epoch Summary] | Train Loss: 0.2950 | Val Loss: 0.3369
[2026-04-05 21:43:58]                 | Val acc   : 84.90% | Time    : 1m 54s
[2026-04-05 21:43:58] ========================================================
[2026-04-05 21:43:58] [SAVE] New best record! Model saved!
[2026-04-05 21:43:58] 
[2026-04-05 21:43:58] [Epoch 045/100] Training Phase...
[2026-04-05 21:45:39]                 Validation Phase...
[2026-04-05 21:45:52] ========================================================
[2026-04-05 21:45:52] [Epoch Summary] | Train Loss: 0.2896 | Val Loss: 0.3455
[2026-04-05 21:45:52]                 | Val acc   : 84.50% | Time    : 1m 54s
[2026-04-05 21:45:52] ========================================================
[2026-04-05 21:45:52] [WARN] No improvement. Patience: 1/5
[2026-04-05 21:45:52] 
[2026-04-05 21:45:52] [Epoch 046/100] Training Phase...
[2026-04-05 21:47:33]                 Validation Phase...
[2026-04-05 21:47:47] ========================================================
[2026-04-05 21:47:47] [Epoch Summary] | Train Loss: 0.2893 | Val Loss: 0.3318
[2026-04-05 21:47:47]                 | Val acc   : 85.27% | Time    : 1m 54s
[2026-04-05 21:47:47] ========================================================
[2026-04-05 21:47:47] [SAVE] New best record! Model saved!
[2026-04-05 21:47:47] 
[2026-04-05 21:47:47] [Epoch 047/100] Training Phase...
[2026-04-05 21:49:28]                 Validation Phase...
[2026-04-05 21:49:41] ========================================================
[2026-04-05 21:49:41] [Epoch Summary] | Train Loss: 0.2802 | Val Loss: 0.3735
[2026-04-05 21:49:41]                 | Val acc   : 83.15% | Time    : 1m 53s
[2026-04-05 21:49:41] ========================================================
[2026-04-05 21:49:41] [WARN] No improvement. Patience: 1/5
[2026-04-05 21:49:41] 
[2026-04-05 21:49:41] [Epoch 048/100] Training Phase...
[2026-04-05 21:51:21]                 Validation Phase...
[2026-04-05 21:51:34] ========================================================
[2026-04-05 21:51:34] [Epoch Summary] | Train Loss: 0.2773 | Val Loss: 0.3258
[2026-04-05 21:51:34]                 | Val acc   : 85.10% | Time    : 1m 52s
[2026-04-05 21:51:34] ========================================================
[2026-04-05 21:51:34] [SAVE] New best record! Model saved!
[2026-04-05 21:51:34] 
[2026-04-05 21:51:34] [Epoch 049/100] Training Phase...
[2026-04-05 21:53:14]                 Validation Phase...
[2026-04-05 21:53:27] ========================================================
[2026-04-05 21:53:27] [Epoch Summary] | Train Loss: 0.2682 | Val Loss: 0.3636
[2026-04-05 21:53:27]                 | Val acc   : 83.79% | Time    : 1m 53s
[2026-04-05 21:53:27] ========================================================
[2026-04-05 21:53:27] [WARN] No improvement. Patience: 1/5
[2026-04-05 21:53:27] 
[2026-04-05 21:53:27] [Epoch 050/100] Training Phase...
[2026-04-05 21:55:08]                 Validation Phase...
[2026-04-05 21:55:22] ========================================================
[2026-04-05 21:55:22] [Epoch Summary] | Train Loss: 0.2647 | Val Loss: 0.3308
[2026-04-05 21:55:22]                 | Val acc   : 85.25% | Time    : 1m 54s
[2026-04-05 21:55:22] ========================================================
[2026-04-05 21:55:22] [WARN] No improvement. Patience: 2/5
[2026-04-05 21:55:22] 
[2026-04-05 21:55:22] [Epoch 051/100] Training Phase...
[2026-04-05 21:57:03]                 Validation Phase...
[2026-04-05 21:57:16] ========================================================
[2026-04-05 21:57:16] [Epoch Summary] | Train Loss: 0.2654 | Val Loss: 0.3435
[2026-04-05 21:57:16]                 | Val acc   : 85.08% | Time    : 1m 54s
[2026-04-05 21:57:16] ========================================================
[2026-04-05 21:57:16] [WARN] No improvement. Patience: 3/5
[2026-04-05 21:57:16] 
[2026-04-05 21:57:16] [Epoch 052/100] Training Phase...
[2026-04-05 21:58:57]                 Validation Phase...
[2026-04-05 21:59:11] ========================================================
[2026-04-05 21:59:11] [Epoch Summary] | Train Loss: 0.2561 | Val Loss: 0.3336
[2026-04-05 21:59:11]                 | Val acc   : 85.35% | Time    : 1m 54s
[2026-04-05 21:59:11] ========================================================
[2026-04-05 21:59:11] [WARN] No improvement. Patience: 4/5
[2026-04-05 21:59:11] 
[2026-04-05 21:59:11] [Epoch 053/100] Training Phase...
[2026-04-05 22:00:52]                 Validation Phase...
[2026-04-05 22:01:06] ========================================================
[2026-04-05 22:01:06] [Epoch Summary] | Train Loss: 0.2504 | Val Loss: 0.3293
[2026-04-05 22:01:06]                 | Val acc   : 85.73% | Time    : 1m 54s
[2026-04-05 22:01:06] ========================================================
[2026-04-05 22:01:06] [WARN] No improvement. Patience: 5/5
[2026-04-05 22:01:06] [STOP] Early stopping triggered! Training halted.
