[2026-04-05 19:52:34] 
[2026-04-05 19:52:34] === Pre-flight Checklist ===
[2026-04-05 19:52:34] [INFO] Device set to: privateuseone:0
[2026-04-05 19:52:34] [INFO] Dataset loaded. Train: 19200 images | Val: 4800 images
[2026-04-05 19:52:34] [INFO] Dataloaders ready. Batch size: 32 | Total train steps per epoch: 600
[2026-04-05 19:52:35] [INFO] Model initialized: 【ResNet】 | Total trainable parameters: 1,026
[2026-04-05 19:52:35] [INFO] Criterion: CrossEntropyLoss
[2026-04-05 19:52:35] [INFO] Optimizer configured: SGD (lr=0.001, momentum=0.9)
[2026-04-05 19:52:35] [INFO] Early Stopping configured. Patience: 3 epochs
[2026-04-05 19:52:35] ============================
[2026-04-05 19:52:35] 
[2026-04-05 19:52:35] ===== Training Started ====✈
[2026-04-05 19:52:35] 
[2026-04-05 19:52:35] [Epoch 001/050] Training Phase...
[2026-04-05 19:54:52]                 Validation Phase...
[2026-04-05 19:55:17] ========================================================
[2026-04-05 19:55:17] [Epoch Summary] | Train Loss: 0.1415 | Val Loss: 0.0704
[2026-04-05 19:55:17]                 | Val acc   : 97.40% | Time    : 2m 42s
[2026-04-05 19:55:17] ========================================================
[2026-04-05 19:55:18] [SAVE] New best record! Model saved!
[2026-04-05 19:55:18] 
[2026-04-05 19:55:18] [Epoch 002/050] Training Phase...
[2026-04-05 19:57:28]                 Validation Phase...
[2026-04-05 19:57:49] ========================================================
[2026-04-05 19:57:49] [Epoch Summary] | Train Loss: 0.1041 | Val Loss: 0.0642
[2026-04-05 19:57:49]                 | Val acc   : 97.56% | Time    : 2m 30s
[2026-04-05 19:57:49] ========================================================
[2026-04-05 19:57:49] [SAVE] New best record! Model saved!
[2026-04-05 19:57:49] 
[2026-04-05 19:57:49] [Epoch 003/050] Training Phase...
[2026-04-05 19:59:47]                 Validation Phase...
[2026-04-05 20:00:08] ========================================================
[2026-04-05 20:00:08] [Epoch Summary] | Train Loss: 0.0975 | Val Loss: 0.0596
[2026-04-05 20:00:08]                 | Val acc   : 97.73% | Time    : 2m 19s
[2026-04-05 20:00:08] ========================================================
[2026-04-05 20:00:09] [SAVE] New best record! Model saved!
[2026-04-05 20:00:09] 
[2026-04-05 20:00:09] [Epoch 004/050] Training Phase...
[2026-04-05 20:02:08]                 Validation Phase...
[2026-04-05 20:02:29] ========================================================
[2026-04-05 20:02:29] [Epoch Summary] | Train Loss: 0.0916 | Val Loss: 0.0642
[2026-04-05 20:02:29]                 | Val acc   : 97.40% | Time    : 2m 19s
[2026-04-05 20:02:29] ========================================================
[2026-04-05 20:02:29] [WARN] No improvement. Patience: 1/3
[2026-04-05 20:02:29] 
[2026-04-05 20:02:29] [Epoch 005/050] Training Phase...
[2026-04-05 20:04:28]                 Validation Phase...
[2026-04-05 20:04:49] ========================================================
[2026-04-05 20:04:49] [Epoch Summary] | Train Loss: 0.0945 | Val Loss: 0.0601
[2026-04-05 20:04:49]                 | Val acc   : 97.58% | Time    : 2m 20s
[2026-04-05 20:04:49] ========================================================
[2026-04-05 20:04:49] [WARN] No improvement. Patience: 2/3
[2026-04-05 20:04:49] 
[2026-04-05 20:04:49] [Epoch 006/050] Training Phase...
[2026-04-05 20:06:47]                 Validation Phase...
[2026-04-05 20:07:08] ========================================================
[2026-04-05 20:07:08] [Epoch Summary] | Train Loss: 0.0872 | Val Loss: 0.0621
[2026-04-05 20:07:08]                 | Val acc   : 97.62% | Time    : 2m 19s
[2026-04-05 20:07:08] ========================================================
[2026-04-05 20:07:08] [WARN] No improvement. Patience: 3/3
[2026-04-05 20:07:08] [STOP] Early stopping triggered! Training halted.
